2023-08-07T09:25:15+00:00 CRITICAL Uncaught Error: Call to undefined function pll_e() in /Users/rogermasellas/Local Sites/valeapp/app/public/wp-content/themes/valeapp/header.php:61
Stack trace:
#0 /Users/rogermasellas/Local Sites/valeapp/app/public/wp-includes/template.php(783): require_once()
#1 /Users/rogermasellas/Local Sites/valeapp/app/public/wp-includes/template.php(718): load_template('/Users/rogermas...', true, Array)
#2 /Users/rogermasellas/Local Sites/valeapp/app/public/wp-includes/general-template.php(48): locate_template(Array, true, true, Array)
#3 /Users/rogermasellas/Local Sites/valeapp/app/public/wp-content/themes/valeapp/index.php(15): get_header()
#4 /Users/rogermasellas/Local Sites/valeapp/app/public/wp-includes/template-loader.php(106): include('/Users/rogermas...')
#5 /Users/rogermasellas/Local Sites/valeapp/app/public/wp-blog-header.php(19): require_once('/Users/rogermas...')
#6 /Users/rogermasellas/Local Sites/valeapp/app/public/index.php(17): require('/Users/rogermas...')
#7 {main}
  thrown in /Users/rogermasellas/Local Sites/valeapp/app/public/wp-content/themes/valeapp/header.php on line 61

2023-08-07T09:25:16+00:00 CRITICAL Uncaught Error: Call to undefined function pll_e() in /Users/rogermasellas/Local Sites/valeapp/app/public/wp-content/themes/valeapp/header.php:61
Stack trace:
#0 /Users/rogermasellas/Local Sites/valeapp/app/public/wp-includes/template.php(783): require_once()
#1 /Users/rogermasellas/Local Sites/valeapp/app/public/wp-includes/template.php(718): load_template('/Users/rogermas...', true, Array)
#2 /Users/rogermasellas/Local Sites/valeapp/app/public/wp-includes/general-template.php(48): locate_template(Array, true, true, Array)
#3 /Users/rogermasellas/Local Sites/valeapp/app/public/wp-content/themes/valeapp/page-proveedores.php(15): get_header()
#4 /Users/rogermasellas/Local Sites/valeapp/app/public/wp-includes/template-loader.php(106): include('/Users/rogermas...')
#5 /Users/rogermasellas/Local Sites/valeapp/app/public/wp-blog-header.php(19): require_once('/Users/rogermas...')
#6 /Users/rogermasellas/Local Sites/valeapp/app/public/index.php(17): require('/Users/rogermas...')
#7 {main}
  thrown in /Users/rogermasellas/Local Sites/valeapp/app/public/wp-content/themes/valeapp/header.php on line 61

2023-08-07T09:25:17+00:00 CRITICAL Uncaught Error: Call to undefined function pll_e() in /Users/rogermasellas/Local Sites/valeapp/app/public/wp-content/themes/valeapp/header.php:61
Stack trace:
#0 /Users/rogermasellas/Local Sites/valeapp/app/public/wp-includes/template.php(783): require_once()
#1 /Users/rogermasellas/Local Sites/valeapp/app/public/wp-includes/template.php(718): load_template('/Users/rogermas...', true, Array)
#2 /Users/rogermasellas/Local Sites/valeapp/app/public/wp-includes/general-template.php(48): locate_template(Array, true, true, Array)
#3 /Users/rogermasellas/Local Sites/valeapp/app/public/wp-content/themes/valeapp/index.php(15): get_header()
#4 /Users/rogermasellas/Local Sites/valeapp/app/public/wp-includes/template-loader.php(106): include('/Users/rogermas...')
#5 /Users/rogermasellas/Local Sites/valeapp/app/public/wp-blog-header.php(19): require_once('/Users/rogermas...')
#6 /Users/rogermasellas/Local Sites/valeapp/app/public/index.php(17): require('/Users/rogermas...')
#7 {main}
  thrown in /Users/rogermasellas/Local Sites/valeapp/app/public/wp-content/themes/valeapp/header.php on line 61

2023-08-07T09:25:18+00:00 CRITICAL Uncaught Error: Call to undefined function pll_e() in /Users/rogermasellas/Local Sites/valeapp/app/public/wp-content/themes/valeapp/header.php:61
Stack trace:
#0 /Users/rogermasellas/Local Sites/valeapp/app/public/wp-includes/template.php(783): require_once()
#1 /Users/rogermasellas/Local Sites/valeapp/app/public/wp-includes/template.php(718): load_template('/Users/rogermas...', true, Array)
#2 /Users/rogermasellas/Local Sites/valeapp/app/public/wp-includes/general-template.php(48): locate_template(Array, true, true, Array)
#3 /Users/rogermasellas/Local Sites/valeapp/app/public/wp-content/themes/valeapp/index.php(15): get_header()
#4 /Users/rogermasellas/Local Sites/valeapp/app/public/wp-includes/template-loader.php(106): include('/Users/rogermas...')
#5 /Users/rogermasellas/Local Sites/valeapp/app/public/wp-blog-header.php(19): require_once('/Users/rogermas...')
#6 /Users/rogermasellas/Local Sites/valeapp/app/public/index.php(17): require('/Users/rogermas...')
#7 {main}
  thrown in /Users/rogermasellas/Local Sites/valeapp/app/public/wp-content/themes/valeapp/header.php on line 61

