2024-04-04T07:20:16+00:00 CRITICAL Uncaught Error: Call to undefined function z_taxonomy_image_url() in /Users/rogermasellas/Local Sites/valeapp/app/public/wp-content/themes/valeapp/page-home.php:273
Stack trace:
#0 /Users/rogermasellas/Local Sites/valeapp/app/public/wp-includes/template-loader.php(106): include()
#1 /Users/rogermasellas/Local Sites/valeapp/app/public/wp-blog-header.php(19): require_once('/Users/rogermas...')
#2 /Users/rogermasellas/Local Sites/valeapp/app/public/index.php(17): require('/Users/rogermas...')
#3 {main}
  thrown en /Users/rogermasellas/Local Sites/valeapp/app/public/wp-content/themes/valeapp/page-home.php en la línea 273

2024-04-04T07:20:29+00:00 CRITICAL Uncaught Error: Call to undefined function z_taxonomy_image_url() in /Users/rogermasellas/Local Sites/valeapp/app/public/wp-content/themes/valeapp/page-home.php:273
Stack trace:
#0 /Users/rogermasellas/Local Sites/valeapp/app/public/wp-includes/template-loader.php(106): include()
#1 /Users/rogermasellas/Local Sites/valeapp/app/public/wp-blog-header.php(19): require_once('/Users/rogermas...')
#2 /Users/rogermasellas/Local Sites/valeapp/app/public/index.php(17): require('/Users/rogermas...')
#3 {main}
  thrown en /Users/rogermasellas/Local Sites/valeapp/app/public/wp-content/themes/valeapp/page-home.php en la línea 273

2024-04-04T07:20:45+00:00 CRITICAL Uncaught Error: Call to undefined function z_taxonomy_image_url() in /Users/rogermasellas/Local Sites/valeapp/app/public/wp-content/themes/valeapp/page-home.php:273
Stack trace:
#0 /Users/rogermasellas/Local Sites/valeapp/app/public/wp-includes/template-loader.php(106): include()
#1 /Users/rogermasellas/Local Sites/valeapp/app/public/wp-blog-header.php(19): require_once('/Users/rogermas...')
#2 /Users/rogermasellas/Local Sites/valeapp/app/public/index.php(17): require('/Users/rogermas...')
#3 {main}
  thrown en /Users/rogermasellas/Local Sites/valeapp/app/public/wp-content/themes/valeapp/page-home.php en la línea 273

