2023-07-13T17:05:41+00:00 CRITICAL Uncaught ArgumentCountError: Too few arguments to function _x(), 1 passed in C:\Users\DELL\Local Sites\valeapp\app\public\wp-content\plugins\providers\providers.php on line 17 and at least 2 expected in C:\Users\DELL\Local Sites\valeapp\app\public\wp-includes\l10n.php:401
Stack trace:
#0 C:\Users\DELL\Local Sites\valeapp\app\public\wp-content\plugins\providers\providers.php(17): _x('Proveedores')
#1 C:\Users\DELL\Local Sites\valeapp\app\public\wp-includes\class-wp-hook.php(308): custom_post_type('')
#2 C:\Users\DELL\Local Sites\valeapp\app\public\wp-includes\class-wp-hook.php(332): WP_Hook->apply_filters(NULL, Array)
#3 C:\Users\DELL\Local Sites\valeapp\app\public\wp-includes\plugin.php(517): WP_Hook->do_action(Array)
#4 C:\Users\DELL\Local Sites\valeapp\app\public\wp-settings.php(623): do_action('init')
#5 C:\Users\DELL\Local Sites\valeapp\app\public\wp-config.php(93): require_once('C:\\Users\\DELL\\L...')
#6 C:\Users\DELL\Local Sites\valeapp\app\public\wp-load.php(50): require_once('C:\\Users\\DELL\\L...')
#7 C:\Users\DELL\Local Sites\valeapp\app\public\wp-admin\admin-ajax.php(22): require_once('C:\\Users\\DELL\\L...')
#8 {main}
  thrown in C:\Users\DELL\Local Sites\valeapp\app\public\wp-includes\l10n.php on line 401

2023-07-13T17:07:42+00:00 CRITICAL Uncaught ArgumentCountError: Too few arguments to function _x(), 1 passed in C:\Users\DELL\Local Sites\valeapp\app\public\wp-content\plugins\providers\providers.php on line 17 and at least 2 expected in C:\Users\DELL\Local Sites\valeapp\app\public\wp-includes\l10n.php:401
Stack trace:
#0 C:\Users\DELL\Local Sites\valeapp\app\public\wp-content\plugins\providers\providers.php(17): _x('Proveedores')
#1 C:\Users\DELL\Local Sites\valeapp\app\public\wp-includes\class-wp-hook.php(308): custom_post_type('')
#2 C:\Users\DELL\Local Sites\valeapp\app\public\wp-includes\class-wp-hook.php(332): WP_Hook->apply_filters(NULL, Array)
#3 C:\Users\DELL\Local Sites\valeapp\app\public\wp-includes\plugin.php(517): WP_Hook->do_action(Array)
#4 C:\Users\DELL\Local Sites\valeapp\app\public\wp-settings.php(623): do_action('init')
#5 C:\Users\DELL\Local Sites\valeapp\app\public\wp-config.php(93): require_once('C:\\Users\\DELL\\L...')
#6 C:\Users\DELL\Local Sites\valeapp\app\public\wp-load.php(50): require_once('C:\\Users\\DELL\\L...')
#7 C:\Users\DELL\Local Sites\valeapp\app\public\wp-admin\admin-ajax.php(22): require_once('C:\\Users\\DELL\\L...')
#8 {main}
  thrown in C:\Users\DELL\Local Sites\valeapp\app\public\wp-includes\l10n.php on line 401

2023-07-13T17:09:43+00:00 CRITICAL Uncaught ArgumentCountError: Too few arguments to function _x(), 1 passed in C:\Users\DELL\Local Sites\valeapp\app\public\wp-content\plugins\providers\providers.php on line 17 and at least 2 expected in C:\Users\DELL\Local Sites\valeapp\app\public\wp-includes\l10n.php:401
Stack trace:
#0 C:\Users\DELL\Local Sites\valeapp\app\public\wp-content\plugins\providers\providers.php(17): _x('Proveedores')
#1 C:\Users\DELL\Local Sites\valeapp\app\public\wp-includes\class-wp-hook.php(308): custom_post_type('')
#2 C:\Users\DELL\Local Sites\valeapp\app\public\wp-includes\class-wp-hook.php(332): WP_Hook->apply_filters(NULL, Array)
#3 C:\Users\DELL\Local Sites\valeapp\app\public\wp-includes\plugin.php(517): WP_Hook->do_action(Array)
#4 C:\Users\DELL\Local Sites\valeapp\app\public\wp-settings.php(623): do_action('init')
#5 C:\Users\DELL\Local Sites\valeapp\app\public\wp-config.php(93): require_once('C:\\Users\\DELL\\L...')
#6 C:\Users\DELL\Local Sites\valeapp\app\public\wp-load.php(50): require_once('C:\\Users\\DELL\\L...')
#7 C:\Users\DELL\Local Sites\valeapp\app\public\wp-admin\admin-ajax.php(22): require_once('C:\\Users\\DELL\\L...')
#8 {main}
  thrown in C:\Users\DELL\Local Sites\valeapp\app\public\wp-includes\l10n.php on line 401

2023-07-13T17:11:44+00:00 CRITICAL Uncaught ArgumentCountError: Too few arguments to function _x(), 1 passed in C:\Users\DELL\Local Sites\valeapp\app\public\wp-content\plugins\providers\providers.php on line 17 and at least 2 expected in C:\Users\DELL\Local Sites\valeapp\app\public\wp-includes\l10n.php:401
Stack trace:
#0 C:\Users\DELL\Local Sites\valeapp\app\public\wp-content\plugins\providers\providers.php(17): _x('Proveedores')
#1 C:\Users\DELL\Local Sites\valeapp\app\public\wp-includes\class-wp-hook.php(308): custom_post_type('')
#2 C:\Users\DELL\Local Sites\valeapp\app\public\wp-includes\class-wp-hook.php(332): WP_Hook->apply_filters(NULL, Array)
#3 C:\Users\DELL\Local Sites\valeapp\app\public\wp-includes\plugin.php(517): WP_Hook->do_action(Array)
#4 C:\Users\DELL\Local Sites\valeapp\app\public\wp-settings.php(623): do_action('init')
#5 C:\Users\DELL\Local Sites\valeapp\app\public\wp-config.php(93): require_once('C:\\Users\\DELL\\L...')
#6 C:\Users\DELL\Local Sites\valeapp\app\public\wp-load.php(50): require_once('C:\\Users\\DELL\\L...')
#7 C:\Users\DELL\Local Sites\valeapp\app\public\wp-admin\admin-ajax.php(22): require_once('C:\\Users\\DELL\\L...')
#8 {main}
  thrown in C:\Users\DELL\Local Sites\valeapp\app\public\wp-includes\l10n.php on line 401

2023-07-13T17:13:45+00:00 CRITICAL Uncaught ArgumentCountError: Too few arguments to function _x(), 1 passed in C:\Users\DELL\Local Sites\valeapp\app\public\wp-content\plugins\providers\providers.php on line 17 and at least 2 expected in C:\Users\DELL\Local Sites\valeapp\app\public\wp-includes\l10n.php:401
Stack trace:
#0 C:\Users\DELL\Local Sites\valeapp\app\public\wp-content\plugins\providers\providers.php(17): _x('Proveedores')
#1 C:\Users\DELL\Local Sites\valeapp\app\public\wp-includes\class-wp-hook.php(308): custom_post_type('')
#2 C:\Users\DELL\Local Sites\valeapp\app\public\wp-includes\class-wp-hook.php(332): WP_Hook->apply_filters(NULL, Array)
#3 C:\Users\DELL\Local Sites\valeapp\app\public\wp-includes\plugin.php(517): WP_Hook->do_action(Array)
#4 C:\Users\DELL\Local Sites\valeapp\app\public\wp-settings.php(623): do_action('init')
#5 C:\Users\DELL\Local Sites\valeapp\app\public\wp-config.php(93): require_once('C:\\Users\\DELL\\L...')
#6 C:\Users\DELL\Local Sites\valeapp\app\public\wp-load.php(50): require_once('C:\\Users\\DELL\\L...')
#7 C:\Users\DELL\Local Sites\valeapp\app\public\wp-admin\admin-ajax.php(22): require_once('C:\\Users\\DELL\\L...')
#8 {main}
  thrown in C:\Users\DELL\Local Sites\valeapp\app\public\wp-includes\l10n.php on line 401

2023-07-13T17:15:46+00:00 CRITICAL Uncaught ArgumentCountError: Too few arguments to function _x(), 1 passed in C:\Users\DELL\Local Sites\valeapp\app\public\wp-content\plugins\providers\providers.php on line 17 and at least 2 expected in C:\Users\DELL\Local Sites\valeapp\app\public\wp-includes\l10n.php:401
Stack trace:
#0 C:\Users\DELL\Local Sites\valeapp\app\public\wp-content\plugins\providers\providers.php(17): _x('Proveedores')
#1 C:\Users\DELL\Local Sites\valeapp\app\public\wp-includes\class-wp-hook.php(308): custom_post_type('')
#2 C:\Users\DELL\Local Sites\valeapp\app\public\wp-includes\class-wp-hook.php(332): WP_Hook->apply_filters(NULL, Array)
#3 C:\Users\DELL\Local Sites\valeapp\app\public\wp-includes\plugin.php(517): WP_Hook->do_action(Array)
#4 C:\Users\DELL\Local Sites\valeapp\app\public\wp-settings.php(623): do_action('init')
#5 C:\Users\DELL\Local Sites\valeapp\app\public\wp-config.php(93): require_once('C:\\Users\\DELL\\L...')
#6 C:\Users\DELL\Local Sites\valeapp\app\public\wp-load.php(50): require_once('C:\\Users\\DELL\\L...')
#7 C:\Users\DELL\Local Sites\valeapp\app\public\wp-admin\admin-ajax.php(22): require_once('C:\\Users\\DELL\\L...')
#8 {main}
  thrown in C:\Users\DELL\Local Sites\valeapp\app\public\wp-includes\l10n.php on line 401

2023-07-13T17:17:47+00:00 CRITICAL Uncaught ArgumentCountError: Too few arguments to function _x(), 1 passed in C:\Users\DELL\Local Sites\valeapp\app\public\wp-content\plugins\providers\providers.php on line 17 and at least 2 expected in C:\Users\DELL\Local Sites\valeapp\app\public\wp-includes\l10n.php:401
Stack trace:
#0 C:\Users\DELL\Local Sites\valeapp\app\public\wp-content\plugins\providers\providers.php(17): _x('Proveedores')
#1 C:\Users\DELL\Local Sites\valeapp\app\public\wp-includes\class-wp-hook.php(308): custom_post_type('')
#2 C:\Users\DELL\Local Sites\valeapp\app\public\wp-includes\class-wp-hook.php(332): WP_Hook->apply_filters(NULL, Array)
#3 C:\Users\DELL\Local Sites\valeapp\app\public\wp-includes\plugin.php(517): WP_Hook->do_action(Array)
#4 C:\Users\DELL\Local Sites\valeapp\app\public\wp-settings.php(623): do_action('init')
#5 C:\Users\DELL\Local Sites\valeapp\app\public\wp-config.php(93): require_once('C:\\Users\\DELL\\L...')
#6 C:\Users\DELL\Local Sites\valeapp\app\public\wp-load.php(50): require_once('C:\\Users\\DELL\\L...')
#7 C:\Users\DELL\Local Sites\valeapp\app\public\wp-admin\admin-ajax.php(22): require_once('C:\\Users\\DELL\\L...')
#8 {main}
  thrown in C:\Users\DELL\Local Sites\valeapp\app\public\wp-includes\l10n.php on line 401

2023-07-13T17:19:48+00:00 CRITICAL Uncaught ArgumentCountError: Too few arguments to function _x(), 1 passed in C:\Users\DELL\Local Sites\valeapp\app\public\wp-content\plugins\providers\providers.php on line 17 and at least 2 expected in C:\Users\DELL\Local Sites\valeapp\app\public\wp-includes\l10n.php:401
Stack trace:
#0 C:\Users\DELL\Local Sites\valeapp\app\public\wp-content\plugins\providers\providers.php(17): _x('Proveedores')
#1 C:\Users\DELL\Local Sites\valeapp\app\public\wp-includes\class-wp-hook.php(308): custom_post_type('')
#2 C:\Users\DELL\Local Sites\valeapp\app\public\wp-includes\class-wp-hook.php(332): WP_Hook->apply_filters(NULL, Array)
#3 C:\Users\DELL\Local Sites\valeapp\app\public\wp-includes\plugin.php(517): WP_Hook->do_action(Array)
#4 C:\Users\DELL\Local Sites\valeapp\app\public\wp-settings.php(623): do_action('init')
#5 C:\Users\DELL\Local Sites\valeapp\app\public\wp-config.php(93): require_once('C:\\Users\\DELL\\L...')
#6 C:\Users\DELL\Local Sites\valeapp\app\public\wp-load.php(50): require_once('C:\\Users\\DELL\\L...')
#7 C:\Users\DELL\Local Sites\valeapp\app\public\wp-admin\admin-ajax.php(22): require_once('C:\\Users\\DELL\\L...')
#8 {main}
  thrown in C:\Users\DELL\Local Sites\valeapp\app\public\wp-includes\l10n.php on line 401

2023-07-13T17:21:49+00:00 CRITICAL Uncaught ArgumentCountError: Too few arguments to function _x(), 1 passed in C:\Users\DELL\Local Sites\valeapp\app\public\wp-content\plugins\providers\providers.php on line 17 and at least 2 expected in C:\Users\DELL\Local Sites\valeapp\app\public\wp-includes\l10n.php:401
Stack trace:
#0 C:\Users\DELL\Local Sites\valeapp\app\public\wp-content\plugins\providers\providers.php(17): _x('Proveedores')
#1 C:\Users\DELL\Local Sites\valeapp\app\public\wp-includes\class-wp-hook.php(308): custom_post_type('')
#2 C:\Users\DELL\Local Sites\valeapp\app\public\wp-includes\class-wp-hook.php(332): WP_Hook->apply_filters(NULL, Array)
#3 C:\Users\DELL\Local Sites\valeapp\app\public\wp-includes\plugin.php(517): WP_Hook->do_action(Array)
#4 C:\Users\DELL\Local Sites\valeapp\app\public\wp-settings.php(623): do_action('init')
#5 C:\Users\DELL\Local Sites\valeapp\app\public\wp-config.php(93): require_once('C:\\Users\\DELL\\L...')
#6 C:\Users\DELL\Local Sites\valeapp\app\public\wp-load.php(50): require_once('C:\\Users\\DELL\\L...')
#7 C:\Users\DELL\Local Sites\valeapp\app\public\wp-admin\admin-ajax.php(22): require_once('C:\\Users\\DELL\\L...')
#8 {main}
  thrown in C:\Users\DELL\Local Sites\valeapp\app\public\wp-includes\l10n.php on line 401

2023-07-13T17:23:50+00:00 CRITICAL Uncaught ArgumentCountError: Too few arguments to function _x(), 1 passed in C:\Users\DELL\Local Sites\valeapp\app\public\wp-content\plugins\providers\providers.php on line 17 and at least 2 expected in C:\Users\DELL\Local Sites\valeapp\app\public\wp-includes\l10n.php:401
Stack trace:
#0 C:\Users\DELL\Local Sites\valeapp\app\public\wp-content\plugins\providers\providers.php(17): _x('Proveedores')
#1 C:\Users\DELL\Local Sites\valeapp\app\public\wp-includes\class-wp-hook.php(308): custom_post_type('')
#2 C:\Users\DELL\Local Sites\valeapp\app\public\wp-includes\class-wp-hook.php(332): WP_Hook->apply_filters(NULL, Array)
#3 C:\Users\DELL\Local Sites\valeapp\app\public\wp-includes\plugin.php(517): WP_Hook->do_action(Array)
#4 C:\Users\DELL\Local Sites\valeapp\app\public\wp-settings.php(623): do_action('init')
#5 C:\Users\DELL\Local Sites\valeapp\app\public\wp-config.php(93): require_once('C:\\Users\\DELL\\L...')
#6 C:\Users\DELL\Local Sites\valeapp\app\public\wp-load.php(50): require_once('C:\\Users\\DELL\\L...')
#7 C:\Users\DELL\Local Sites\valeapp\app\public\wp-admin\admin-ajax.php(22): require_once('C:\\Users\\DELL\\L...')
#8 {main}
  thrown in C:\Users\DELL\Local Sites\valeapp\app\public\wp-includes\l10n.php on line 401

2023-07-13T17:25:51+00:00 CRITICAL Uncaught ArgumentCountError: Too few arguments to function _x(), 1 passed in C:\Users\DELL\Local Sites\valeapp\app\public\wp-content\plugins\providers\providers.php on line 17 and at least 2 expected in C:\Users\DELL\Local Sites\valeapp\app\public\wp-includes\l10n.php:401
Stack trace:
#0 C:\Users\DELL\Local Sites\valeapp\app\public\wp-content\plugins\providers\providers.php(17): _x('Proveedores')
#1 C:\Users\DELL\Local Sites\valeapp\app\public\wp-includes\class-wp-hook.php(308): custom_post_type('')
#2 C:\Users\DELL\Local Sites\valeapp\app\public\wp-includes\class-wp-hook.php(332): WP_Hook->apply_filters(NULL, Array)
#3 C:\Users\DELL\Local Sites\valeapp\app\public\wp-includes\plugin.php(517): WP_Hook->do_action(Array)
#4 C:\Users\DELL\Local Sites\valeapp\app\public\wp-settings.php(623): do_action('init')
#5 C:\Users\DELL\Local Sites\valeapp\app\public\wp-config.php(93): require_once('C:\\Users\\DELL\\L...')
#6 C:\Users\DELL\Local Sites\valeapp\app\public\wp-load.php(50): require_once('C:\\Users\\DELL\\L...')
#7 C:\Users\DELL\Local Sites\valeapp\app\public\wp-admin\admin-ajax.php(22): require_once('C:\\Users\\DELL\\L...')
#8 {main}
  thrown in C:\Users\DELL\Local Sites\valeapp\app\public\wp-includes\l10n.php on line 401

2023-07-13T17:27:52+00:00 CRITICAL Uncaught ArgumentCountError: Too few arguments to function _x(), 1 passed in C:\Users\DELL\Local Sites\valeapp\app\public\wp-content\plugins\providers\providers.php on line 17 and at least 2 expected in C:\Users\DELL\Local Sites\valeapp\app\public\wp-includes\l10n.php:401
Stack trace:
#0 C:\Users\DELL\Local Sites\valeapp\app\public\wp-content\plugins\providers\providers.php(17): _x('Proveedores')
#1 C:\Users\DELL\Local Sites\valeapp\app\public\wp-includes\class-wp-hook.php(308): custom_post_type('')
#2 C:\Users\DELL\Local Sites\valeapp\app\public\wp-includes\class-wp-hook.php(332): WP_Hook->apply_filters(NULL, Array)
#3 C:\Users\DELL\Local Sites\valeapp\app\public\wp-includes\plugin.php(517): WP_Hook->do_action(Array)
#4 C:\Users\DELL\Local Sites\valeapp\app\public\wp-settings.php(623): do_action('init')
#5 C:\Users\DELL\Local Sites\valeapp\app\public\wp-config.php(93): require_once('C:\\Users\\DELL\\L...')
#6 C:\Users\DELL\Local Sites\valeapp\app\public\wp-load.php(50): require_once('C:\\Users\\DELL\\L...')
#7 C:\Users\DELL\Local Sites\valeapp\app\public\wp-admin\admin-ajax.php(22): require_once('C:\\Users\\DELL\\L...')
#8 {main}
  thrown in C:\Users\DELL\Local Sites\valeapp\app\public\wp-includes\l10n.php on line 401

2023-07-13T17:29:53+00:00 CRITICAL Uncaught ArgumentCountError: Too few arguments to function _x(), 1 passed in C:\Users\DELL\Local Sites\valeapp\app\public\wp-content\plugins\providers\providers.php on line 17 and at least 2 expected in C:\Users\DELL\Local Sites\valeapp\app\public\wp-includes\l10n.php:401
Stack trace:
#0 C:\Users\DELL\Local Sites\valeapp\app\public\wp-content\plugins\providers\providers.php(17): _x('Proveedores')
#1 C:\Users\DELL\Local Sites\valeapp\app\public\wp-includes\class-wp-hook.php(308): custom_post_type('')
#2 C:\Users\DELL\Local Sites\valeapp\app\public\wp-includes\class-wp-hook.php(332): WP_Hook->apply_filters(NULL, Array)
#3 C:\Users\DELL\Local Sites\valeapp\app\public\wp-includes\plugin.php(517): WP_Hook->do_action(Array)
#4 C:\Users\DELL\Local Sites\valeapp\app\public\wp-settings.php(623): do_action('init')
#5 C:\Users\DELL\Local Sites\valeapp\app\public\wp-config.php(93): require_once('C:\\Users\\DELL\\L...')
#6 C:\Users\DELL\Local Sites\valeapp\app\public\wp-load.php(50): require_once('C:\\Users\\DELL\\L...')
#7 C:\Users\DELL\Local Sites\valeapp\app\public\wp-admin\admin-ajax.php(22): require_once('C:\\Users\\DELL\\L...')
#8 {main}
  thrown in C:\Users\DELL\Local Sites\valeapp\app\public\wp-includes\l10n.php on line 401

2023-07-13T17:31:54+00:00 CRITICAL Uncaught ArgumentCountError: Too few arguments to function _x(), 1 passed in C:\Users\DELL\Local Sites\valeapp\app\public\wp-content\plugins\providers\providers.php on line 17 and at least 2 expected in C:\Users\DELL\Local Sites\valeapp\app\public\wp-includes\l10n.php:401
Stack trace:
#0 C:\Users\DELL\Local Sites\valeapp\app\public\wp-content\plugins\providers\providers.php(17): _x('Proveedores')
#1 C:\Users\DELL\Local Sites\valeapp\app\public\wp-includes\class-wp-hook.php(308): custom_post_type('')
#2 C:\Users\DELL\Local Sites\valeapp\app\public\wp-includes\class-wp-hook.php(332): WP_Hook->apply_filters(NULL, Array)
#3 C:\Users\DELL\Local Sites\valeapp\app\public\wp-includes\plugin.php(517): WP_Hook->do_action(Array)
#4 C:\Users\DELL\Local Sites\valeapp\app\public\wp-settings.php(623): do_action('init')
#5 C:\Users\DELL\Local Sites\valeapp\app\public\wp-config.php(93): require_once('C:\\Users\\DELL\\L...')
#6 C:\Users\DELL\Local Sites\valeapp\app\public\wp-load.php(50): require_once('C:\\Users\\DELL\\L...')
#7 C:\Users\DELL\Local Sites\valeapp\app\public\wp-admin\admin-ajax.php(22): require_once('C:\\Users\\DELL\\L...')
#8 {main}
  thrown in C:\Users\DELL\Local Sites\valeapp\app\public\wp-includes\l10n.php on line 401

2023-07-13T17:33:55+00:00 CRITICAL Uncaught ArgumentCountError: Too few arguments to function _x(), 1 passed in C:\Users\DELL\Local Sites\valeapp\app\public\wp-content\plugins\providers\providers.php on line 17 and at least 2 expected in C:\Users\DELL\Local Sites\valeapp\app\public\wp-includes\l10n.php:401
Stack trace:
#0 C:\Users\DELL\Local Sites\valeapp\app\public\wp-content\plugins\providers\providers.php(17): _x('Proveedores')
#1 C:\Users\DELL\Local Sites\valeapp\app\public\wp-includes\class-wp-hook.php(308): custom_post_type('')
#2 C:\Users\DELL\Local Sites\valeapp\app\public\wp-includes\class-wp-hook.php(332): WP_Hook->apply_filters(NULL, Array)
#3 C:\Users\DELL\Local Sites\valeapp\app\public\wp-includes\plugin.php(517): WP_Hook->do_action(Array)
#4 C:\Users\DELL\Local Sites\valeapp\app\public\wp-settings.php(623): do_action('init')
#5 C:\Users\DELL\Local Sites\valeapp\app\public\wp-config.php(93): require_once('C:\\Users\\DELL\\L...')
#6 C:\Users\DELL\Local Sites\valeapp\app\public\wp-load.php(50): require_once('C:\\Users\\DELL\\L...')
#7 C:\Users\DELL\Local Sites\valeapp\app\public\wp-admin\admin-ajax.php(22): require_once('C:\\Users\\DELL\\L...')
#8 {main}
  thrown in C:\Users\DELL\Local Sites\valeapp\app\public\wp-includes\l10n.php on line 401

2023-07-13T17:35:56+00:00 CRITICAL Uncaught ArgumentCountError: Too few arguments to function _x(), 1 passed in C:\Users\DELL\Local Sites\valeapp\app\public\wp-content\plugins\providers\providers.php on line 17 and at least 2 expected in C:\Users\DELL\Local Sites\valeapp\app\public\wp-includes\l10n.php:401
Stack trace:
#0 C:\Users\DELL\Local Sites\valeapp\app\public\wp-content\plugins\providers\providers.php(17): _x('Proveedores')
#1 C:\Users\DELL\Local Sites\valeapp\app\public\wp-includes\class-wp-hook.php(308): custom_post_type('')
#2 C:\Users\DELL\Local Sites\valeapp\app\public\wp-includes\class-wp-hook.php(332): WP_Hook->apply_filters(NULL, Array)
#3 C:\Users\DELL\Local Sites\valeapp\app\public\wp-includes\plugin.php(517): WP_Hook->do_action(Array)
#4 C:\Users\DELL\Local Sites\valeapp\app\public\wp-settings.php(623): do_action('init')
#5 C:\Users\DELL\Local Sites\valeapp\app\public\wp-config.php(93): require_once('C:\\Users\\DELL\\L...')
#6 C:\Users\DELL\Local Sites\valeapp\app\public\wp-load.php(50): require_once('C:\\Users\\DELL\\L...')
#7 C:\Users\DELL\Local Sites\valeapp\app\public\wp-admin\admin-ajax.php(22): require_once('C:\\Users\\DELL\\L...')
#8 {main}
  thrown in C:\Users\DELL\Local Sites\valeapp\app\public\wp-includes\l10n.php on line 401

2023-07-13T17:37:57+00:00 CRITICAL Uncaught ArgumentCountError: Too few arguments to function _x(), 1 passed in C:\Users\DELL\Local Sites\valeapp\app\public\wp-content\plugins\providers\providers.php on line 17 and at least 2 expected in C:\Users\DELL\Local Sites\valeapp\app\public\wp-includes\l10n.php:401
Stack trace:
#0 C:\Users\DELL\Local Sites\valeapp\app\public\wp-content\plugins\providers\providers.php(17): _x('Proveedores')
#1 C:\Users\DELL\Local Sites\valeapp\app\public\wp-includes\class-wp-hook.php(308): custom_post_type('')
#2 C:\Users\DELL\Local Sites\valeapp\app\public\wp-includes\class-wp-hook.php(332): WP_Hook->apply_filters(NULL, Array)
#3 C:\Users\DELL\Local Sites\valeapp\app\public\wp-includes\plugin.php(517): WP_Hook->do_action(Array)
#4 C:\Users\DELL\Local Sites\valeapp\app\public\wp-settings.php(623): do_action('init')
#5 C:\Users\DELL\Local Sites\valeapp\app\public\wp-config.php(93): require_once('C:\\Users\\DELL\\L...')
#6 C:\Users\DELL\Local Sites\valeapp\app\public\wp-load.php(50): require_once('C:\\Users\\DELL\\L...')
#7 C:\Users\DELL\Local Sites\valeapp\app\public\wp-admin\admin-ajax.php(22): require_once('C:\\Users\\DELL\\L...')
#8 {main}
  thrown in C:\Users\DELL\Local Sites\valeapp\app\public\wp-includes\l10n.php on line 401

2023-07-13T17:39:58+00:00 CRITICAL Uncaught ArgumentCountError: Too few arguments to function _x(), 1 passed in C:\Users\DELL\Local Sites\valeapp\app\public\wp-content\plugins\providers\providers.php on line 17 and at least 2 expected in C:\Users\DELL\Local Sites\valeapp\app\public\wp-includes\l10n.php:401
Stack trace:
#0 C:\Users\DELL\Local Sites\valeapp\app\public\wp-content\plugins\providers\providers.php(17): _x('Proveedores')
#1 C:\Users\DELL\Local Sites\valeapp\app\public\wp-includes\class-wp-hook.php(308): custom_post_type('')
#2 C:\Users\DELL\Local Sites\valeapp\app\public\wp-includes\class-wp-hook.php(332): WP_Hook->apply_filters(NULL, Array)
#3 C:\Users\DELL\Local Sites\valeapp\app\public\wp-includes\plugin.php(517): WP_Hook->do_action(Array)
#4 C:\Users\DELL\Local Sites\valeapp\app\public\wp-settings.php(623): do_action('init')
#5 C:\Users\DELL\Local Sites\valeapp\app\public\wp-config.php(93): require_once('C:\\Users\\DELL\\L...')
#6 C:\Users\DELL\Local Sites\valeapp\app\public\wp-load.php(50): require_once('C:\\Users\\DELL\\L...')
#7 C:\Users\DELL\Local Sites\valeapp\app\public\wp-admin\admin-ajax.php(22): require_once('C:\\Users\\DELL\\L...')
#8 {main}
  thrown in C:\Users\DELL\Local Sites\valeapp\app\public\wp-includes\l10n.php on line 401

2023-07-13T17:41:59+00:00 CRITICAL Uncaught ArgumentCountError: Too few arguments to function _x(), 1 passed in C:\Users\DELL\Local Sites\valeapp\app\public\wp-content\plugins\providers\providers.php on line 17 and at least 2 expected in C:\Users\DELL\Local Sites\valeapp\app\public\wp-includes\l10n.php:401
Stack trace:
#0 C:\Users\DELL\Local Sites\valeapp\app\public\wp-content\plugins\providers\providers.php(17): _x('Proveedores')
#1 C:\Users\DELL\Local Sites\valeapp\app\public\wp-includes\class-wp-hook.php(308): custom_post_type('')
#2 C:\Users\DELL\Local Sites\valeapp\app\public\wp-includes\class-wp-hook.php(332): WP_Hook->apply_filters(NULL, Array)
#3 C:\Users\DELL\Local Sites\valeapp\app\public\wp-includes\plugin.php(517): WP_Hook->do_action(Array)
#4 C:\Users\DELL\Local Sites\valeapp\app\public\wp-settings.php(623): do_action('init')
#5 C:\Users\DELL\Local Sites\valeapp\app\public\wp-config.php(93): require_once('C:\\Users\\DELL\\L...')
#6 C:\Users\DELL\Local Sites\valeapp\app\public\wp-load.php(50): require_once('C:\\Users\\DELL\\L...')
#7 C:\Users\DELL\Local Sites\valeapp\app\public\wp-admin\admin-ajax.php(22): require_once('C:\\Users\\DELL\\L...')
#8 {main}
  thrown in C:\Users\DELL\Local Sites\valeapp\app\public\wp-includes\l10n.php on line 401

2023-07-13T17:44:00+00:00 CRITICAL Uncaught ArgumentCountError: Too few arguments to function _x(), 1 passed in C:\Users\DELL\Local Sites\valeapp\app\public\wp-content\plugins\providers\providers.php on line 17 and at least 2 expected in C:\Users\DELL\Local Sites\valeapp\app\public\wp-includes\l10n.php:401
Stack trace:
#0 C:\Users\DELL\Local Sites\valeapp\app\public\wp-content\plugins\providers\providers.php(17): _x('Proveedores')
#1 C:\Users\DELL\Local Sites\valeapp\app\public\wp-includes\class-wp-hook.php(308): custom_post_type('')
#2 C:\Users\DELL\Local Sites\valeapp\app\public\wp-includes\class-wp-hook.php(332): WP_Hook->apply_filters(NULL, Array)
#3 C:\Users\DELL\Local Sites\valeapp\app\public\wp-includes\plugin.php(517): WP_Hook->do_action(Array)
#4 C:\Users\DELL\Local Sites\valeapp\app\public\wp-settings.php(623): do_action('init')
#5 C:\Users\DELL\Local Sites\valeapp\app\public\wp-config.php(93): require_once('C:\\Users\\DELL\\L...')
#6 C:\Users\DELL\Local Sites\valeapp\app\public\wp-load.php(50): require_once('C:\\Users\\DELL\\L...')
#7 C:\Users\DELL\Local Sites\valeapp\app\public\wp-admin\admin-ajax.php(22): require_once('C:\\Users\\DELL\\L...')
#8 {main}
  thrown in C:\Users\DELL\Local Sites\valeapp\app\public\wp-includes\l10n.php on line 401

2023-07-13T17:46:01+00:00 CRITICAL Uncaught ArgumentCountError: Too few arguments to function _x(), 1 passed in C:\Users\DELL\Local Sites\valeapp\app\public\wp-content\plugins\providers\providers.php on line 17 and at least 2 expected in C:\Users\DELL\Local Sites\valeapp\app\public\wp-includes\l10n.php:401
Stack trace:
#0 C:\Users\DELL\Local Sites\valeapp\app\public\wp-content\plugins\providers\providers.php(17): _x('Proveedores')
#1 C:\Users\DELL\Local Sites\valeapp\app\public\wp-includes\class-wp-hook.php(308): custom_post_type('')
#2 C:\Users\DELL\Local Sites\valeapp\app\public\wp-includes\class-wp-hook.php(332): WP_Hook->apply_filters(NULL, Array)
#3 C:\Users\DELL\Local Sites\valeapp\app\public\wp-includes\plugin.php(517): WP_Hook->do_action(Array)
#4 C:\Users\DELL\Local Sites\valeapp\app\public\wp-settings.php(623): do_action('init')
#5 C:\Users\DELL\Local Sites\valeapp\app\public\wp-config.php(93): require_once('C:\\Users\\DELL\\L...')
#6 C:\Users\DELL\Local Sites\valeapp\app\public\wp-load.php(50): require_once('C:\\Users\\DELL\\L...')
#7 C:\Users\DELL\Local Sites\valeapp\app\public\wp-admin\admin-ajax.php(22): require_once('C:\\Users\\DELL\\L...')
#8 {main}
  thrown in C:\Users\DELL\Local Sites\valeapp\app\public\wp-includes\l10n.php on line 401

2023-07-13T17:48:02+00:00 CRITICAL Uncaught ArgumentCountError: Too few arguments to function _x(), 1 passed in C:\Users\DELL\Local Sites\valeapp\app\public\wp-content\plugins\providers\providers.php on line 17 and at least 2 expected in C:\Users\DELL\Local Sites\valeapp\app\public\wp-includes\l10n.php:401
Stack trace:
#0 C:\Users\DELL\Local Sites\valeapp\app\public\wp-content\plugins\providers\providers.php(17): _x('Proveedores')
#1 C:\Users\DELL\Local Sites\valeapp\app\public\wp-includes\class-wp-hook.php(308): custom_post_type('')
#2 C:\Users\DELL\Local Sites\valeapp\app\public\wp-includes\class-wp-hook.php(332): WP_Hook->apply_filters(NULL, Array)
#3 C:\Users\DELL\Local Sites\valeapp\app\public\wp-includes\plugin.php(517): WP_Hook->do_action(Array)
#4 C:\Users\DELL\Local Sites\valeapp\app\public\wp-settings.php(623): do_action('init')
#5 C:\Users\DELL\Local Sites\valeapp\app\public\wp-config.php(93): require_once('C:\\Users\\DELL\\L...')
#6 C:\Users\DELL\Local Sites\valeapp\app\public\wp-load.php(50): require_once('C:\\Users\\DELL\\L...')
#7 C:\Users\DELL\Local Sites\valeapp\app\public\wp-admin\admin-ajax.php(22): require_once('C:\\Users\\DELL\\L...')
#8 {main}
  thrown in C:\Users\DELL\Local Sites\valeapp\app\public\wp-includes\l10n.php on line 401

2023-07-13T17:50:03+00:00 CRITICAL Uncaught ArgumentCountError: Too few arguments to function _x(), 1 passed in C:\Users\DELL\Local Sites\valeapp\app\public\wp-content\plugins\providers\providers.php on line 17 and at least 2 expected in C:\Users\DELL\Local Sites\valeapp\app\public\wp-includes\l10n.php:401
Stack trace:
#0 C:\Users\DELL\Local Sites\valeapp\app\public\wp-content\plugins\providers\providers.php(17): _x('Proveedores')
#1 C:\Users\DELL\Local Sites\valeapp\app\public\wp-includes\class-wp-hook.php(308): custom_post_type('')
#2 C:\Users\DELL\Local Sites\valeapp\app\public\wp-includes\class-wp-hook.php(332): WP_Hook->apply_filters(NULL, Array)
#3 C:\Users\DELL\Local Sites\valeapp\app\public\wp-includes\plugin.php(517): WP_Hook->do_action(Array)
#4 C:\Users\DELL\Local Sites\valeapp\app\public\wp-settings.php(623): do_action('init')
#5 C:\Users\DELL\Local Sites\valeapp\app\public\wp-config.php(93): require_once('C:\\Users\\DELL\\L...')
#6 C:\Users\DELL\Local Sites\valeapp\app\public\wp-load.php(50): require_once('C:\\Users\\DELL\\L...')
#7 C:\Users\DELL\Local Sites\valeapp\app\public\wp-admin\admin-ajax.php(22): require_once('C:\\Users\\DELL\\L...')
#8 {main}
  thrown in C:\Users\DELL\Local Sites\valeapp\app\public\wp-includes\l10n.php on line 401

2023-07-13T17:52:04+00:00 CRITICAL Uncaught ArgumentCountError: Too few arguments to function _x(), 1 passed in C:\Users\DELL\Local Sites\valeapp\app\public\wp-content\plugins\providers\providers.php on line 17 and at least 2 expected in C:\Users\DELL\Local Sites\valeapp\app\public\wp-includes\l10n.php:401
Stack trace:
#0 C:\Users\DELL\Local Sites\valeapp\app\public\wp-content\plugins\providers\providers.php(17): _x('Proveedores')
#1 C:\Users\DELL\Local Sites\valeapp\app\public\wp-includes\class-wp-hook.php(308): custom_post_type('')
#2 C:\Users\DELL\Local Sites\valeapp\app\public\wp-includes\class-wp-hook.php(332): WP_Hook->apply_filters(NULL, Array)
#3 C:\Users\DELL\Local Sites\valeapp\app\public\wp-includes\plugin.php(517): WP_Hook->do_action(Array)
#4 C:\Users\DELL\Local Sites\valeapp\app\public\wp-settings.php(623): do_action('init')
#5 C:\Users\DELL\Local Sites\valeapp\app\public\wp-config.php(93): require_once('C:\\Users\\DELL\\L...')
#6 C:\Users\DELL\Local Sites\valeapp\app\public\wp-load.php(50): require_once('C:\\Users\\DELL\\L...')
#7 C:\Users\DELL\Local Sites\valeapp\app\public\wp-admin\admin-ajax.php(22): require_once('C:\\Users\\DELL\\L...')
#8 {main}
  thrown in C:\Users\DELL\Local Sites\valeapp\app\public\wp-includes\l10n.php on line 401

2023-07-13T17:54:05+00:00 CRITICAL Uncaught ArgumentCountError: Too few arguments to function _x(), 1 passed in C:\Users\DELL\Local Sites\valeapp\app\public\wp-content\plugins\providers\providers.php on line 17 and at least 2 expected in C:\Users\DELL\Local Sites\valeapp\app\public\wp-includes\l10n.php:401
Stack trace:
#0 C:\Users\DELL\Local Sites\valeapp\app\public\wp-content\plugins\providers\providers.php(17): _x('Proveedores')
#1 C:\Users\DELL\Local Sites\valeapp\app\public\wp-includes\class-wp-hook.php(308): custom_post_type('')
#2 C:\Users\DELL\Local Sites\valeapp\app\public\wp-includes\class-wp-hook.php(332): WP_Hook->apply_filters(NULL, Array)
#3 C:\Users\DELL\Local Sites\valeapp\app\public\wp-includes\plugin.php(517): WP_Hook->do_action(Array)
#4 C:\Users\DELL\Local Sites\valeapp\app\public\wp-settings.php(623): do_action('init')
#5 C:\Users\DELL\Local Sites\valeapp\app\public\wp-config.php(93): require_once('C:\\Users\\DELL\\L...')
#6 C:\Users\DELL\Local Sites\valeapp\app\public\wp-load.php(50): require_once('C:\\Users\\DELL\\L...')
#7 C:\Users\DELL\Local Sites\valeapp\app\public\wp-admin\admin-ajax.php(22): require_once('C:\\Users\\DELL\\L...')
#8 {main}
  thrown in C:\Users\DELL\Local Sites\valeapp\app\public\wp-includes\l10n.php on line 401

2023-07-13T17:56:06+00:00 CRITICAL Uncaught ArgumentCountError: Too few arguments to function _x(), 1 passed in C:\Users\DELL\Local Sites\valeapp\app\public\wp-content\plugins\providers\providers.php on line 17 and at least 2 expected in C:\Users\DELL\Local Sites\valeapp\app\public\wp-includes\l10n.php:401
Stack trace:
#0 C:\Users\DELL\Local Sites\valeapp\app\public\wp-content\plugins\providers\providers.php(17): _x('Proveedores')
#1 C:\Users\DELL\Local Sites\valeapp\app\public\wp-includes\class-wp-hook.php(308): custom_post_type('')
#2 C:\Users\DELL\Local Sites\valeapp\app\public\wp-includes\class-wp-hook.php(332): WP_Hook->apply_filters(NULL, Array)
#3 C:\Users\DELL\Local Sites\valeapp\app\public\wp-includes\plugin.php(517): WP_Hook->do_action(Array)
#4 C:\Users\DELL\Local Sites\valeapp\app\public\wp-settings.php(623): do_action('init')
#5 C:\Users\DELL\Local Sites\valeapp\app\public\wp-config.php(93): require_once('C:\\Users\\DELL\\L...')
#6 C:\Users\DELL\Local Sites\valeapp\app\public\wp-load.php(50): require_once('C:\\Users\\DELL\\L...')
#7 C:\Users\DELL\Local Sites\valeapp\app\public\wp-admin\admin-ajax.php(22): require_once('C:\\Users\\DELL\\L...')
#8 {main}
  thrown in C:\Users\DELL\Local Sites\valeapp\app\public\wp-includes\l10n.php on line 401

2023-07-13T17:58:07+00:00 CRITICAL Uncaught ArgumentCountError: Too few arguments to function _x(), 1 passed in C:\Users\DELL\Local Sites\valeapp\app\public\wp-content\plugins\providers\providers.php on line 17 and at least 2 expected in C:\Users\DELL\Local Sites\valeapp\app\public\wp-includes\l10n.php:401
Stack trace:
#0 C:\Users\DELL\Local Sites\valeapp\app\public\wp-content\plugins\providers\providers.php(17): _x('Proveedores')
#1 C:\Users\DELL\Local Sites\valeapp\app\public\wp-includes\class-wp-hook.php(308): custom_post_type('')
#2 C:\Users\DELL\Local Sites\valeapp\app\public\wp-includes\class-wp-hook.php(332): WP_Hook->apply_filters(NULL, Array)
#3 C:\Users\DELL\Local Sites\valeapp\app\public\wp-includes\plugin.php(517): WP_Hook->do_action(Array)
#4 C:\Users\DELL\Local Sites\valeapp\app\public\wp-settings.php(623): do_action('init')
#5 C:\Users\DELL\Local Sites\valeapp\app\public\wp-config.php(93): require_once('C:\\Users\\DELL\\L...')
#6 C:\Users\DELL\Local Sites\valeapp\app\public\wp-load.php(50): require_once('C:\\Users\\DELL\\L...')
#7 C:\Users\DELL\Local Sites\valeapp\app\public\wp-admin\admin-ajax.php(22): require_once('C:\\Users\\DELL\\L...')
#8 {main}
  thrown in C:\Users\DELL\Local Sites\valeapp\app\public\wp-includes\l10n.php on line 401

2023-07-13T18:02:13+00:00 CRITICAL Uncaught ArgumentCountError: Too few arguments to function _x(), 1 passed in C:\Users\DELL\Local Sites\valeapp\app\public\wp-content\plugins\providers\providers.php on line 17 and at least 2 expected in C:\Users\DELL\Local Sites\valeapp\app\public\wp-includes\l10n.php:401
Stack trace:
#0 C:\Users\DELL\Local Sites\valeapp\app\public\wp-content\plugins\providers\providers.php(17): _x('Proveedores')
#1 C:\Users\DELL\Local Sites\valeapp\app\public\wp-includes\class-wp-hook.php(308): custom_post_type('')
#2 C:\Users\DELL\Local Sites\valeapp\app\public\wp-includes\class-wp-hook.php(332): WP_Hook->apply_filters(NULL, Array)
#3 C:\Users\DELL\Local Sites\valeapp\app\public\wp-includes\plugin.php(517): WP_Hook->do_action(Array)
#4 C:\Users\DELL\Local Sites\valeapp\app\public\wp-settings.php(623): do_action('init')
#5 C:\Users\DELL\Local Sites\valeapp\app\public\wp-config.php(93): require_once('C:\\Users\\DELL\\L...')
#6 C:\Users\DELL\Local Sites\valeapp\app\public\wp-load.php(50): require_once('C:\\Users\\DELL\\L...')
#7 C:\Users\DELL\Local Sites\valeapp\app\public\wp-admin\admin-ajax.php(22): require_once('C:\\Users\\DELL\\L...')
#8 {main}
  thrown in C:\Users\DELL\Local Sites\valeapp\app\public\wp-includes\l10n.php on line 401

2023-07-13T18:04:12+00:00 CRITICAL Uncaught ArgumentCountError: Too few arguments to function _x(), 1 passed in C:\Users\DELL\Local Sites\valeapp\app\public\wp-content\plugins\providers\providers.php on line 17 and at least 2 expected in C:\Users\DELL\Local Sites\valeapp\app\public\wp-includes\l10n.php:401
Stack trace:
#0 C:\Users\DELL\Local Sites\valeapp\app\public\wp-content\plugins\providers\providers.php(17): _x('Proveedores')
#1 C:\Users\DELL\Local Sites\valeapp\app\public\wp-includes\class-wp-hook.php(308): custom_post_type('')
#2 C:\Users\DELL\Local Sites\valeapp\app\public\wp-includes\class-wp-hook.php(332): WP_Hook->apply_filters(NULL, Array)
#3 C:\Users\DELL\Local Sites\valeapp\app\public\wp-includes\plugin.php(517): WP_Hook->do_action(Array)
#4 C:\Users\DELL\Local Sites\valeapp\app\public\wp-settings.php(623): do_action('init')
#5 C:\Users\DELL\Local Sites\valeapp\app\public\wp-config.php(93): require_once('C:\\Users\\DELL\\L...')
#6 C:\Users\DELL\Local Sites\valeapp\app\public\wp-load.php(50): require_once('C:\\Users\\DELL\\L...')
#7 C:\Users\DELL\Local Sites\valeapp\app\public\wp-admin\admin-ajax.php(22): require_once('C:\\Users\\DELL\\L...')
#8 {main}
  thrown in C:\Users\DELL\Local Sites\valeapp\app\public\wp-includes\l10n.php on line 401

2023-07-13T18:06:13+00:00 CRITICAL Uncaught ArgumentCountError: Too few arguments to function _x(), 1 passed in C:\Users\DELL\Local Sites\valeapp\app\public\wp-content\plugins\providers\providers.php on line 17 and at least 2 expected in C:\Users\DELL\Local Sites\valeapp\app\public\wp-includes\l10n.php:401
Stack trace:
#0 C:\Users\DELL\Local Sites\valeapp\app\public\wp-content\plugins\providers\providers.php(17): _x('Proveedores')
#1 C:\Users\DELL\Local Sites\valeapp\app\public\wp-includes\class-wp-hook.php(308): custom_post_type('')
#2 C:\Users\DELL\Local Sites\valeapp\app\public\wp-includes\class-wp-hook.php(332): WP_Hook->apply_filters(NULL, Array)
#3 C:\Users\DELL\Local Sites\valeapp\app\public\wp-includes\plugin.php(517): WP_Hook->do_action(Array)
#4 C:\Users\DELL\Local Sites\valeapp\app\public\wp-settings.php(623): do_action('init')
#5 C:\Users\DELL\Local Sites\valeapp\app\public\wp-config.php(93): require_once('C:\\Users\\DELL\\L...')
#6 C:\Users\DELL\Local Sites\valeapp\app\public\wp-load.php(50): require_once('C:\\Users\\DELL\\L...')
#7 C:\Users\DELL\Local Sites\valeapp\app\public\wp-admin\admin-ajax.php(22): require_once('C:\\Users\\DELL\\L...')
#8 {main}
  thrown in C:\Users\DELL\Local Sites\valeapp\app\public\wp-includes\l10n.php on line 401

2023-07-13T18:07:38+00:00 CRITICAL Uncaught ArgumentCountError: Too few arguments to function _x(), 1 passed in C:\Users\DELL\Local Sites\valeapp\app\public\wp-content\plugins\providers\providers.php on line 17 and at least 2 expected in C:\Users\DELL\Local Sites\valeapp\app\public\wp-includes\l10n.php:401
Stack trace:
#0 C:\Users\DELL\Local Sites\valeapp\app\public\wp-content\plugins\providers\providers.php(17): _x('Proveedores')
#1 C:\Users\DELL\Local Sites\valeapp\app\public\wp-includes\class-wp-hook.php(308): custom_post_type('')
#2 C:\Users\DELL\Local Sites\valeapp\app\public\wp-includes\class-wp-hook.php(332): WP_Hook->apply_filters(NULL, Array)
#3 C:\Users\DELL\Local Sites\valeapp\app\public\wp-includes\plugin.php(517): WP_Hook->do_action(Array)
#4 C:\Users\DELL\Local Sites\valeapp\app\public\wp-settings.php(623): do_action('init')
#5 C:\Users\DELL\Local Sites\valeapp\app\public\wp-config.php(93): require_once('C:\\Users\\DELL\\L...')
#6 C:\Users\DELL\Local Sites\valeapp\app\public\wp-load.php(50): require_once('C:\\Users\\DELL\\L...')
#7 C:\Users\DELL\Local Sites\valeapp\app\public\wp-admin\admin-ajax.php(22): require_once('C:\\Users\\DELL\\L...')
#8 {main}
  thrown in C:\Users\DELL\Local Sites\valeapp\app\public\wp-includes\l10n.php on line 401

2023-07-13T18:08:38+00:00 CRITICAL Uncaught ArgumentCountError: Too few arguments to function _x(), 1 passed in C:\Users\DELL\Local Sites\valeapp\app\public\wp-content\plugins\providers\providers.php on line 17 and at least 2 expected in C:\Users\DELL\Local Sites\valeapp\app\public\wp-includes\l10n.php:401
Stack trace:
#0 C:\Users\DELL\Local Sites\valeapp\app\public\wp-content\plugins\providers\providers.php(17): _x('Proveedores')
#1 C:\Users\DELL\Local Sites\valeapp\app\public\wp-includes\class-wp-hook.php(308): custom_post_type('')
#2 C:\Users\DELL\Local Sites\valeapp\app\public\wp-includes\class-wp-hook.php(332): WP_Hook->apply_filters(NULL, Array)
#3 C:\Users\DELL\Local Sites\valeapp\app\public\wp-includes\plugin.php(517): WP_Hook->do_action(Array)
#4 C:\Users\DELL\Local Sites\valeapp\app\public\wp-settings.php(623): do_action('init')
#5 C:\Users\DELL\Local Sites\valeapp\app\public\wp-config.php(93): require_once('C:\\Users\\DELL\\L...')
#6 C:\Users\DELL\Local Sites\valeapp\app\public\wp-load.php(50): require_once('C:\\Users\\DELL\\L...')
#7 C:\Users\DELL\Local Sites\valeapp\app\public\wp-admin\admin-ajax.php(22): require_once('C:\\Users\\DELL\\L...')
#8 {main}
  thrown in C:\Users\DELL\Local Sites\valeapp\app\public\wp-includes\l10n.php on line 401

2023-07-13T18:10:24+00:00 CRITICAL Uncaught ArgumentCountError: Too few arguments to function _x(), 1 passed in C:\Users\DELL\Local Sites\valeapp\app\public\wp-content\plugins\providers\providers.php on line 17 and at least 2 expected in C:\Users\DELL\Local Sites\valeapp\app\public\wp-includes\l10n.php:401
Stack trace:
#0 C:\Users\DELL\Local Sites\valeapp\app\public\wp-content\plugins\providers\providers.php(17): _x('Proveedores')
#1 C:\Users\DELL\Local Sites\valeapp\app\public\wp-includes\class-wp-hook.php(308): custom_post_type('')
#2 C:\Users\DELL\Local Sites\valeapp\app\public\wp-includes\class-wp-hook.php(332): WP_Hook->apply_filters(NULL, Array)
#3 C:\Users\DELL\Local Sites\valeapp\app\public\wp-includes\plugin.php(517): WP_Hook->do_action(Array)
#4 C:\Users\DELL\Local Sites\valeapp\app\public\wp-settings.php(623): do_action('init')
#5 C:\Users\DELL\Local Sites\valeapp\app\public\wp-config.php(93): require_once('C:\\Users\\DELL\\L...')
#6 C:\Users\DELL\Local Sites\valeapp\app\public\wp-load.php(50): require_once('C:\\Users\\DELL\\L...')
#7 C:\Users\DELL\Local Sites\valeapp\app\public\wp-admin\admin-ajax.php(22): require_once('C:\\Users\\DELL\\L...')
#8 {main}
  thrown in C:\Users\DELL\Local Sites\valeapp\app\public\wp-includes\l10n.php on line 401

2023-07-13T20:17:50+00:00 CRITICAL Uncaught TypeError: call_user_func(): Argument #1 ($callback) must be a valid callback, function "provider_metaboxes" not found or invalid function name in C:\Users\DELL\Local Sites\valeapp\app\public\wp-admin\includes\template.php:1445
Stack trace:
#0 C:\Users\DELL\Local Sites\valeapp\app\public\wp-admin\edit-form-advanced.php(688): do_meta_boxes(Object(WP_Screen), 'normal', Object(WP_Post))
#1 C:\Users\DELL\Local Sites\valeapp\app\public\wp-admin\post-new.php(75): require('C:\\Users\\DELL\\L...')
#2 {main}
  thrown in C:\Users\DELL\Local Sites\valeapp\app\public\wp-admin\includes\template.php on line 1445

2023-07-13T20:23:26+00:00 CRITICAL Uncaught TypeError: call_user_func(): Argument #1 ($callback) must be a valid callback, function "provider_metaboxes" not found or invalid function name in C:\Users\DELL\Local Sites\valeapp\app\public\wp-admin\includes\template.php:1445
Stack trace:
#0 C:\Users\DELL\Local Sites\valeapp\app\public\wp-admin\edit-form-advanced.php(688): do_meta_boxes(Object(WP_Screen), 'normal', Object(WP_Post))
#1 C:\Users\DELL\Local Sites\valeapp\app\public\wp-admin\post-new.php(75): require('C:\\Users\\DELL\\L...')
#2 {main}
  thrown in C:\Users\DELL\Local Sites\valeapp\app\public\wp-admin\includes\template.php on line 1445

2023-07-13T20:25:20+00:00 CRITICAL Uncaught ArgumentCountError: Too few arguments to function add_meta_box(), 2 passed in C:\Users\DELL\Local Sites\valeapp\app\public\wp-content\plugins\providers\includes\providers-metaboxes.php on line 7 and at least 3 expected in C:\Users\DELL\Local Sites\valeapp\app\public\wp-admin\includes\template.php:1070
Stack trace:
#0 C:\Users\DELL\Local Sites\valeapp\app\public\wp-content\plugins\providers\includes\providers-metaboxes.php(7): add_meta_box('provider_meta_b...', 'Correo Electron...')
#1 C:\Users\DELL\Local Sites\valeapp\app\public\wp-includes\class-wp-hook.php(310): providers_add_metaboxes('proveedores')
#2 C:\Users\DELL\Local Sites\valeapp\app\public\wp-includes\class-wp-hook.php(332): WP_Hook->apply_filters(NULL, Array)
#3 C:\Users\DELL\Local Sites\valeapp\app\public\wp-includes\plugin.php(517): WP_Hook->do_action(Array)
#4 C:\Users\DELL\Local Sites\valeapp\app\public\wp-admin\includes\meta-boxes.php(1701): do_action('add_meta_boxes', 'proveedores', Object(WP_Post))
#5 C:\Users\DELL\Local Sites\valeapp\app\public\wp-admin\edit-form-advanced.php(271): register_and_do_post_meta_boxes(Object(WP_Post))
#6 C:\Users\DELL\Local Sites\valeapp\app\public\wp-admin\post-new.php(75): require('C:\\Users\\DELL\\L...')
#7 {main}
  thrown in C:\Users\DELL\Local Sites\valeapp\app\public\wp-admin\includes\template.php on line 1070

2023-07-13T20:26:36+00:00 CRITICAL Uncaught TypeError: call_user_func(): Argument #1 ($callback) must be a valid callback, function "provider_metaboxes" not found or invalid function name in C:\Users\DELL\Local Sites\valeapp\app\public\wp-admin\includes\template.php:1445
Stack trace:
#0 C:\Users\DELL\Local Sites\valeapp\app\public\wp-admin\edit-form-advanced.php(688): do_meta_boxes(Object(WP_Screen), 'normal', Object(WP_Post))
#1 C:\Users\DELL\Local Sites\valeapp\app\public\wp-admin\post-new.php(75): require('C:\\Users\\DELL\\L...')
#2 {main}
  thrown in C:\Users\DELL\Local Sites\valeapp\app\public\wp-admin\includes\template.php on line 1445

2023-07-13T20:38:08+00:00 CRITICAL Uncaught TypeError: call_user_func(): Argument #1 ($callback) must be a valid callback, function "provider_metaboxes" not found or invalid function name in C:\Users\DELL\Local Sites\valeapp\app\public\wp-admin\includes\template.php:1445
Stack trace:
#0 C:\Users\DELL\Local Sites\valeapp\app\public\wp-admin\edit-form-advanced.php(688): do_meta_boxes(Object(WP_Screen), 'normal', Object(WP_Post))
#1 C:\Users\DELL\Local Sites\valeapp\app\public\wp-admin\post-new.php(75): require('C:\\Users\\DELL\\L...')
#2 {main}
  thrown in C:\Users\DELL\Local Sites\valeapp\app\public\wp-admin\includes\template.php on line 1445

2023-07-13T20:38:35+00:00 CRITICAL Uncaught TypeError: call_user_func(): Argument #1 ($callback) must be a valid callback, function "provider_metaboxes" not found or invalid function name in C:\Users\DELL\Local Sites\valeapp\app\public\wp-admin\includes\template.php:1445
Stack trace:
#0 C:\Users\DELL\Local Sites\valeapp\app\public\wp-admin\edit-form-advanced.php(688): do_meta_boxes(Object(WP_Screen), 'normal', Object(WP_Post))
#1 C:\Users\DELL\Local Sites\valeapp\app\public\wp-admin\post-new.php(75): require('C:\\Users\\DELL\\L...')
#2 {main}
  thrown in C:\Users\DELL\Local Sites\valeapp\app\public\wp-admin\includes\template.php on line 1445

2023-07-13T20:40:15+00:00 CRITICAL Uncaught TypeError: call_user_func(): Argument #1 ($callback) must be a valid callback, function "provider_metaboxes" not found or invalid function name in C:\Users\DELL\Local Sites\valeapp\app\public\wp-admin\includes\template.php:1445
Stack trace:
#0 C:\Users\DELL\Local Sites\valeapp\app\public\wp-admin\edit-form-advanced.php(688): do_meta_boxes(Object(WP_Screen), 'normal', Object(WP_Post))
#1 C:\Users\DELL\Local Sites\valeapp\app\public\wp-admin\post-new.php(75): require('C:\\Users\\DELL\\L...')
#2 {main}
  thrown in C:\Users\DELL\Local Sites\valeapp\app\public\wp-admin\includes\template.php on line 1445

2023-07-13T20:47:38+00:00 CRITICAL Uncaught TypeError: call_user_func(): Argument #1 ($callback) must be a valid callback, function "provider_metaboxes" not found or invalid function name in C:\Users\DELL\Local Sites\valeapp\app\public\wp-admin\includes\template.php:1445
Stack trace:
#0 C:\Users\DELL\Local Sites\valeapp\app\public\wp-admin\edit-form-advanced.php(688): do_meta_boxes(Object(WP_Screen), 'normal', Object(WP_Post))
#1 C:\Users\DELL\Local Sites\valeapp\app\public\wp-admin\post-new.php(75): require('C:\\Users\\DELL\\L...')
#2 {main}
  thrown in C:\Users\DELL\Local Sites\valeapp\app\public\wp-admin\includes\template.php on line 1445

2023-07-13T20:48:33+00:00 CRITICAL Uncaught TypeError: call_user_func(): Argument #1 ($callback) must be a valid callback, function "provider_metaboxes" not found or invalid function name in C:\Users\DELL\Local Sites\valeapp\app\public\wp-admin\includes\template.php:1445
Stack trace:
#0 C:\Users\DELL\Local Sites\valeapp\app\public\wp-admin\edit-form-advanced.php(688): do_meta_boxes(Object(WP_Screen), 'normal', Object(WP_Post))
#1 C:\Users\DELL\Local Sites\valeapp\app\public\wp-admin\post-new.php(75): require('C:\\Users\\DELL\\L...')
#2 {main}
  thrown in C:\Users\DELL\Local Sites\valeapp\app\public\wp-admin\includes\template.php on line 1445

2023-07-13T20:48:59+00:00 CRITICAL Uncaught TypeError: call_user_func(): Argument #1 ($callback) must be a valid callback, function "provider_metaboxes" not found or invalid function name in C:\Users\DELL\Local Sites\valeapp\app\public\wp-admin\includes\template.php:1445
Stack trace:
#0 C:\Users\DELL\Local Sites\valeapp\app\public\wp-admin\edit-form-advanced.php(688): do_meta_boxes(Object(WP_Screen), 'normal', Object(WP_Post))
#1 C:\Users\DELL\Local Sites\valeapp\app\public\wp-admin\post-new.php(75): require('C:\\Users\\DELL\\L...')
#2 {main}
  thrown in C:\Users\DELL\Local Sites\valeapp\app\public\wp-admin\includes\template.php on line 1445

2023-07-13T20:54:09+00:00 CRITICAL Uncaught TypeError: call_user_func(): Argument #1 ($callback) must be a valid callback, function "mail_metaboxes" not found or invalid function name in C:\Users\DELL\Local Sites\valeapp\app\public\wp-admin\includes\template.php:1445
Stack trace:
#0 C:\Users\DELL\Local Sites\valeapp\app\public\wp-admin\edit-form-advanced.php(688): do_meta_boxes(Object(WP_Screen), 'normal', Object(WP_Post))
#1 C:\Users\DELL\Local Sites\valeapp\app\public\wp-admin\post-new.php(75): require('C:\\Users\\DELL\\L...')
#2 {main}
  thrown in C:\Users\DELL\Local Sites\valeapp\app\public\wp-admin\includes\template.php on line 1445

2023-07-13T21:19:53+00:00 CRITICAL Uncaught TypeError: call_user_func(): Argument #1 ($callback) must be a valid callback, function "mail_metaboxes" not found or invalid function name in C:\Users\DELL\Local Sites\valeapp\app\public\wp-admin\includes\template.php:1445
Stack trace:
#0 C:\Users\DELL\Local Sites\valeapp\app\public\wp-admin\edit-form-advanced.php(688): do_meta_boxes(Object(WP_Screen), 'normal', Object(WP_Post))
#1 C:\Users\DELL\Local Sites\valeapp\app\public\wp-admin\post-new.php(75): require('C:\\Users\\DELL\\L...')
#2 {main}
  thrown in C:\Users\DELL\Local Sites\valeapp\app\public\wp-admin\includes\template.php on line 1445

