2023-07-21T00:37:10+00:00 CRITICAL Uncaught Error: Call to undefined function providers_post_type() in C:\Users\DELL\Local Sites\valeapp\app\public\wp-content\plugins\providers\includes\providers\providers-post-types.php:60
Stack trace:
#0 C:\Users\DELL\Local Sites\valeapp\app\public\wp-includes\class-wp-hook.php(308): providers_rewrite_flush(false)
#1 C:\Users\DELL\Local Sites\valeapp\app\public\wp-includes\class-wp-hook.php(332): WP_Hook->apply_filters('', Array)
#2 C:\Users\DELL\Local Sites\valeapp\app\public\wp-includes\plugin.php(517): WP_Hook->do_action(Array)
#3 C:\Users\DELL\Local Sites\valeapp\app\public\wp-admin\includes\plugin.php(691): do_action('activate_provid...', false)
#4 C:\Users\DELL\Local Sites\valeapp\app\public\wp-admin\plugins.php(58): activate_plugin('providers/provi...', 'http://valeapp....', false)
#5 {main}
  thrown en C:\Users\DELL\Local Sites\valeapp\app\public\wp-content\plugins\providers\includes\providers\providers-post-types.php en la línea 60

2023-07-21T00:37:15+00:00 CRITICAL Uncaught Error: Call to undefined function providers_post_type() in C:\Users\DELL\Local Sites\valeapp\app\public\wp-content\plugins\providers\includes\providers\providers-post-types.php:60
Stack trace:
#0 C:\Users\DELL\Local Sites\valeapp\app\public\wp-includes\class-wp-hook.php(308): providers_rewrite_flush('')
#1 C:\Users\DELL\Local Sites\valeapp\app\public\wp-includes\class-wp-hook.php(332): WP_Hook->apply_filters('', Array)
#2 C:\Users\DELL\Local Sites\valeapp\app\public\wp-includes\plugin.php(517): WP_Hook->do_action(Array)
#3 C:\Users\DELL\Local Sites\valeapp\app\public\wp-admin\plugins.php(194): do_action('activate_provid...')
#4 {main}
  thrown en C:\Users\DELL\Local Sites\valeapp\app\public\wp-content\plugins\providers\includes\providers\providers-post-types.php en la línea 60

2023-07-21T00:37:15+00:00 CRITICAL Uncaught Error: Call to undefined function providers_post_type() in C:\Users\DELL\Local Sites\valeapp\app\public\wp-content\plugins\providers\includes\providers\providers-post-types.php:60
Stack trace:
#0 C:\Users\DELL\Local Sites\valeapp\app\public\wp-includes\class-wp-hook.php(308): providers_rewrite_flush('')
#1 C:\Users\DELL\Local Sites\valeapp\app\public\wp-includes\class-wp-hook.php(332): WP_Hook->apply_filters('', Array)
#2 C:\Users\DELL\Local Sites\valeapp\app\public\wp-includes\plugin.php(517): WP_Hook->do_action(Array)
#3 C:\Users\DELL\Local Sites\valeapp\app\public\wp-admin\plugins.php(194): do_action('activate_provid...')
#4 {main}
  thrown en C:\Users\DELL\Local Sites\valeapp\app\public\wp-content\plugins\providers\includes\providers\providers-post-types.php en la línea 60

